SF:lib/main.dart
DA:5,0
DA:6,0
DA:7,0
DA:11,1
DA:13,1
DA:15,1
DA:18,1
DA:24,2
DA:28,1
DA:29,1
DA:33,1
DA:35,1
DA:36,1
DA:37,3
LF:14
LH:11
end_of_record
SF:lib/widgets/product_search_view.dart
DA:9,1
DA:11,1
DA:12,1
DA:18,1
DA:20,1
DA:21,1
DA:24,1
DA:26,2
DA:27,3
DA:28,3
DA:29,2
DA:30,0
DA:31,0
DA:32,0
DA:36,0
DA:37,0
DA:43,0
DA:44,0
DA:45,0
DA:49,0
DA:50,0
DA:51,0
DA:52,0
DA:54,0
DA:57,1
DA:59,1
DA:60,1
DA:61,2
DA:62,1
DA:63,1
DA:64,1
DA:65,1
LF:32
LH:19
end_of_record
SF:lib/widgets/product_listing_widget.dart
DA:12,0
DA:19,0
DA:21,0
DA:23,0
DA:24,0
DA:25,0
DA:29,0
DA:31,0
DA:32,0
DA:35,0
DA:36,0
DA:37,0
DA:38,0
DA:39,0
DA:47,1
DA:50,1
DA:52,1
DA:53,1
DA:63,1
DA:65,1
DA:66,2
DA:67,0
DA:69,2
DA:70,3
DA:71,1
DA:76,0
DA:77,0
DA:78,0
DA:79,0
DA:84,0
DA:86,0
DA:87,0
DA:88,0
DA:89,0
DA:92,0
DA:93,0
DA:94,0
DA:95,0
DA:97,0
DA:99,0
DA:101,0
DA:103,0
DA:104,0
DA:108,0
DA:109,0
DA:111,0
DA:112,0
DA:117,0
DA:118,0
DA:119,0
DA:120,0
DA:121,0
DA:123,0
DA:127,0
DA:128,0
DA:129,0
DA:130,0
DA:131,0
DA:133,0
DA:136,1
DA:138,1
DA:142,1
DA:143,0
DA:144,0
DA:145,0
DA:149,1
DA:150,4
DA:151,1
DA:152,3
DA:160,0
DA:161,0
DA:162,0
DA:163,0
DA:164,0
DA:165,0
DA:166,0
DA:168,0
DA:170,0
DA:171,0
DA:172,0
DA:173,0
DA:174,0
DA:176,0
DA:178,0
DA:181,0
DA:182,0
DA:183,0
DA:186,0
DA:189,0
DA:190,0
LF:90
LH:17
end_of_record
SF:lib/widgets/search_widget.dart
DA:6,2
DA:8,1
DA:9,1
DA:15,0
DA:17,0
DA:18,0
DA:21,1
DA:23,1
DA:25,1
DA:26,1
DA:27,1
DA:30,1
DA:32,0
DA:33,0
DA:34,0
DA:38,0
DA:39,0
LF:17
LH:9
end_of_record
